Build started 2016-03-30 13:39:59.
     1>Project "C:\Users\Karolina\workspace\TowerDefense\TowerDefense\TowerDefense\TowerDefense.vcxproj" on node 2 (Build target(s)).
     1>ClCompile:
         C:\Program Files (x86)\Microsoft Visual Studio 12.0\VC\bin\CL.exe /c /ZI /nologo /W3 /WX- /sdl /Od /Oy- /D _MBCS /Gm /EHsc /RTC1 /MD /GS /fp:precise /Zc:wchar_t /Zc:forScope /Fo"Debug\\" /Fd"Debug\vc120.pdb" /Gd /TP /analyze- /errorReport:prompt Scene.cpp
         Scene.cpp
       Link:
         C:\Program Files (x86)\Microsoft Visual Studio 12.0\VC\bin\link.exe /ERRORREPORT:PROMPT /OUT:"C:\Users\Karolina\workspace\TowerDefense\TowerDefense\Debug\TowerDefense.exe" /INCREMENTAL /NOLOGO glew32.lib glfw3.lib opengl32.lib SOIL.lib assimp.lib kernel32.lib user32.lib gdi32.lib winspool.lib comdlg32.lib advapi32.lib shell32.lib ole32.lib oleaut32.lib uuid.lib odbc32.lib odbccp32.lib /MANIFEST /MANIFESTUAC:"level='asInvoker' uiAccess='false'" /manifest:embed /DEBUG /PDB:"C:\Users\Karolina\workspace\TowerDefense\TowerDefense\Debug\TowerDefense.pdb" /TLBID:1 /DYNAMICBASE /NXCOMPAT /IMPLIB:"C:\Users\Karolina\workspace\TowerDefense\TowerDefense\Debug\TowerDefense.lib" /MACHINE:X86 Debug\Camera.obj
         Debug\CameraManager.obj
         Debug\GameManager.obj
         Debug\InputManager.obj
         Debug\LightManager.obj
         Debug\Mesh.obj
         Debug\Model.obj
         Debug\ModelObject.obj
         Debug\PointLight.obj
         Debug\RenderManager.obj
         Debug\Scene.obj
         Debug\SceneObject.obj
         Debug\Shader.obj
         Debug\SimpleModel.obj
         Debug\SimpleObject.obj
         Debug\Sphere.obj
         Debug\TowerDefense.obj
         TowerDefense.vcxproj -> C:\Users\Karolina\workspace\TowerDefense\TowerDefense\Debug\TowerDefense.exe
     1>Done Building Project "C:\Users\Karolina\workspace\TowerDefense\TowerDefense\TowerDefense\TowerDefense.vcxproj" (Build target(s)).

Build succeeded.

Time Elapsed 00:00:12.96
