c:\users\karolina\workspace\towerdefense\towerdefense\towerdefense\debug\vc120.pdb
c:\users\karolina\workspace\towerdefense\towerdefense\towerdefense\debug\vc120.idb
c:\users\karolina\workspace\towerdefense\towerdefense\towerdefense\debug\camera.obj
c:\users\karolina\workspace\towerdefense\towerdefense\towerdefense\debug\cameramanager.obj
c:\users\karolina\workspace\towerdefense\towerdefense\towerdefense\debug\gamemanager.obj
c:\users\karolina\workspace\towerdefense\towerdefense\towerdefense\debug\inputmanager.obj
c:\users\karolina\workspace\towerdefense\towerdefense\towerdefense\debug\mesh.obj
c:\users\karolina\workspace\towerdefense\towerdefense\towerdefense\debug\model.obj
c:\users\karolina\workspace\towerdefense\towerdefense\towerdefense\debug\object.obj
c:\users\karolina\workspace\towerdefense\towerdefense\towerdefense\debug\rendermanager.obj
c:\users\karolina\workspace\towerdefense\towerdefense\towerdefense\debug\shader.obj
c:\users\karolina\workspace\towerdefense\towerdefense\towerdefense\debug\towerdefense.obj
c:\users\karolina\workspace\towerdefense\towerdefense\towerdefense\debug\scene.obj
c:\users\karolina\workspace\towerdefense\towerdefense\towerdefense\debug\simplemodel.obj
c:\users\karolina\workspace\towerdefense\towerdefense\towerdefense\debug\lightmanager.obj
c:\users\karolina\workspace\towerdefense\towerdefense\debug\towerdefense.ilk
c:\users\karolina\workspace\towerdefense\towerdefense\debug\towerdefense.exe
c:\users\karolina\workspace\towerdefense\towerdefense\debug\towerdefense.pdb
c:\users\karolina\workspace\towerdefense\towerdefense\towerdefense\debug\towerdefense.tlog\cl.command.1.tlog
c:\users\karolina\workspace\towerdefense\towerdefense\towerdefense\debug\towerdefense.tlog\cl.read.1.tlog
c:\users\karolina\workspace\towerdefense\towerdefense\towerdefense\debug\towerdefense.tlog\cl.write.1.tlog
c:\users\karolina\workspace\towerdefense\towerdefense\towerdefense\debug\towerdefense.tlog\link-cvtres.read.1.tlog
c:\users\karolina\workspace\towerdefense\towerdefense\towerdefense\debug\towerdefense.tlog\link-cvtres.write.1.tlog
c:\users\karolina\workspace\towerdefense\towerdefense\towerdefense\debug\towerdefense.tlog\link-rc.read.1.tlog
c:\users\karolina\workspace\towerdefense\towerdefense\towerdefense\debug\towerdefense.tlog\link-rc.write.1.tlog
c:\users\karolina\workspace\towerdefense\towerdefense\towerdefense\debug\towerdefense.tlog\link.command.1.tlog
c:\users\karolina\workspace\towerdefense\towerdefense\towerdefense\debug\towerdefense.tlog\link.read.1.tlog
c:\users\karolina\workspace\towerdefense\towerdefense\towerdefense\debug\towerdefense.tlog\link.write.1.tlog
