Build started 2016-03-07 22:44:57.
     1>Project "C:\Users\Karolina\workspace\TowerDefense\TowerDefense\TowerDefense\TowerDefense.vcxproj" on node 2 (Rebuild target(s)).
     1>ClCompile:
         C:\Program Files (x86)\Microsoft Visual Studio 12.0\VC\bin\CL.exe /c /Zi /nologo /W3 /WX- /sdl /O2 /Oi /Oy- /GL /D _MBCS /Gm- /EHsc /MD /GS /Gy /fp:precise /Zc:wchar_t /Zc:forScope /Fo"Release\\" /Fd"Release\vc120.pdb" /Gd /TP /analyze- /errorReport:prompt Camera.cpp CameraManager.cpp GameManager.cpp InputManager.cpp Mesh.cpp Model.cpp Shader.cpp TowerDefense.cpp
         Camera.cpp
     1>c:\users\karolina\workspace\towerdefense\towerdefense\towerdefense\Camera.h(4): fatal error C1083: Cannot open include file: 'GL/glew.h': No such file or directory
         CameraManager.cpp
     1>c:\users\karolina\workspace\towerdefense\towerdefense\towerdefense\Camera.h(4): fatal error C1083: Cannot open include file: 'GL/glew.h': No such file or directory
         GameManager.cpp
     1>c:\users\karolina\workspace\towerdefense\towerdefense\towerdefense\GameManager.h(4): fatal error C1083: Cannot open include file: 'GL/glew.h': No such file or directory
         InputManager.cpp
     1>c:\users\karolina\workspace\towerdefense\towerdefense\towerdefense\Camera.h(4): fatal error C1083: Cannot open include file: 'GL/glew.h': No such file or directory
         Mesh.cpp
     1>c:\users\karolina\workspace\towerdefense\towerdefense\towerdefense\Mesh.h(10): fatal error C1083: Cannot open include file: 'GL/glew.h': No such file or directory
         Model.cpp
     1>c:\users\karolina\workspace\towerdefense\towerdefense\towerdefense\Model.h(10): fatal error C1083: Cannot open include file: 'GL/glew.h': No such file or directory
         Shader.cpp
     1>c:\users\karolina\workspace\towerdefense\towerdefense\towerdefense\Shader.h(8): fatal error C1083: Cannot open include file: 'GL/glew.h': No such file or directory
         TowerDefense.cpp
     1>c:\users\karolina\workspace\towerdefense\towerdefense\towerdefense\GameManager.h(4): fatal error C1083: Cannot open include file: 'GL/glew.h': No such file or directory
     1>Done Building Project "C:\Users\Karolina\workspace\TowerDefense\TowerDefense\TowerDefense\TowerDefense.vcxproj" (Rebuild target(s)) -- FAILED.

Build FAILED.

Time Elapsed 00:00:07.39
